Performing C++ SOURCE FILE Test MISSING_OSTREAM_NULLPTR_OPERATOR failed with the following output:
Change Dir: /home/imario/Documentos/UFC/TCC/ns-3/cmake-cache/CMakeFiles/CMakeTmp

Run Build Command(s):/usr/bin/ninja cmTC_06a73 && [1/2] Building CXX object CMakeFiles/cmTC_06a73.dir/src.cxx.o
FAILED: CMakeFiles/cmTC_06a73.dir/src.cxx.o 
/usr/bin/c++ -DMISSING_OSTREAM_NULLPTR_OPERATOR  -fPIE -std=c++17 -o CMakeFiles/cmTC_06a73.dir/src.cxx.o -c /home/imario/Documentos/UFC/TCC/ns-3/cmake-cache/CMakeFiles/CMakeTmp/src.cxx
/home/imario/Documentos/UFC/TCC/ns-3/cmake-cache/CMakeFiles/CMakeTmp/src.cxx: In function ‘int main()’:
/home/imario/Documentos/UFC/TCC/ns-3/cmake-cache/CMakeFiles/CMakeTmp/src.cxx:11:12: error: ambiguous overload for ‘operator<<’ (operand types are ‘std::ostream’ {aka ‘std::basic_ostream<char>’} and ‘std::nullptr_t’)
   11 |         os << std::nullptr_t();
In file included from /usr/include/c++/11/iostream:39,
                 from /home/imario/Documentos/UFC/TCC/ns-3/cmake-cache/CMakeFiles/CMakeTmp/src.cxx:2:
/usr/include/c++/11/ostream:108:7: note: candidate: ‘std::basic_ostream<_CharT, _Traits>::__ostream_type& std::basic_ostream<_CharT, _Traits>::operator<<(std::basic_ostream<_CharT, _Traits>::__ostream_type& (*)(std::basic_ostream<_CharT, _Traits>::__ostream_type&)) [with _CharT = char; _Traits = std::char_traits<char>; std::basic_ostream<_CharT, _Traits>::__ostream_type = std::basic_ostream<char>]’
  108 |       operator<<(__ostream_type& (*__pf)(__ostream_type&))
      |       ^~~~~~~~
/usr/include/c++/11/ostream:117:7: note: candidate: ‘std::basic_ostream<_CharT, _Traits>::__ostream_type& std::basic_ostream<_CharT, _Traits>::operator<<(std::basic_ostream<_CharT, _Traits>::__ios_type& (*)(std::basic_ostream<_CharT, _Traits>::__ios_type&)) [with _CharT = char; _Traits = std::char_traits<char>; std::basic_ostream<_CharT, _Traits>::__ostream_type = std::basic_ostream<char>; std::basic_ostream<_CharT, _Traits>::__ios_type = std::basic_ios<char>]’
  117 |       operator<<(__ios_type& (*__pf)(__ios_type&))
      |       ^~~~~~~~
/usr/include/c++/11/ostream:127:7: note: candidate: ‘std::basic_ostream<_CharT, _Traits>::__ostream_type& std::basic_ostream<_CharT, _Traits>::operator<<(std::ios_base& (*)(std::ios_base&)) [with _CharT = char; _Traits = std::char_traits<char>; std::basic_ostream<_CharT, _Traits>::__ostream_type = std::basic_ostream<char>]’
  127 |       operator<<(ios_base& (*__pf) (ios_base&))
      |       ^~~~~~~~
/usr/include/c++/11/ostream:245:7: note: candidate: ‘std::basic_ostream<_CharT, _Traits>::__ostream_type& std::basic_ostream<_CharT, _Traits>::operator<<(const void*) [with _CharT = char; _Traits = std::char_traits<char>; std::basic_ostream<_CharT, _Traits>::__ostream_type = std::basic_ostream<char>]’
  245 |       operator<<(const void* __p)
      |       ^~~~~~~~
/usr/include/c++/11/ostream:250:7: note: candidate: ‘std::basic_ostream<_CharT, _Traits>::__ostream_type& std::basic_ostream<_CharT, _Traits>::operator<<(std::nullptr_t) [with _CharT = char; _Traits = std::char_traits<char>; std::basic_ostream<_CharT, _Traits>::__ostream_type = std::basic_ostream<char>; std::nullptr_t = std::nullptr_t]’
  250 |       operator<<(nullptr_t)
      |       ^~~~~~~~
In file included from /usr/include/c++/11/ostream:829,
                 from /usr/include/c++/11/iostream:39,
                 from /home/imario/Documentos/UFC/TCC/ns-3/cmake-cache/CMakeFiles/CMakeTmp/src.cxx:2:
/usr/include/c++/11/bits/ostream.tcc:119:5: note: candidate: ‘std::basic_ostream<_CharT, _Traits>& std::basic_ostream<_CharT, _Traits>::operator<<(std::basic_ostream<_CharT, _Traits>::__streambuf_type*) [with _CharT = char; _Traits = std::char_traits<char>; std::basic_ostream<_CharT, _Traits>::__streambuf_type = std::basic_streambuf<char>]’
  119 |     basic_ostream<_CharT, _Traits>::
      |     ^~~~~~~~~~~~~~~~~~~~~~~~~~~~~~
/home/imario/Documentos/UFC/TCC/ns-3/cmake-cache/CMakeFiles/CMakeTmp/src.cxx:4:26: note: candidate: ‘std::ostream& operator<<(std::ostream&, std::nullptr_t)’
    4 |     inline std::ostream& operator << (std::ostream& os, std::nullptr_t ptr)
      |                          ^~~~~~~~
ninja: build stopped: subcommand failed.


Source file was:

    #include <iostream>
    #include <cstddef>
    inline std::ostream& operator << (std::ostream& os, std::nullptr_t ptr)
    {
      return os << "nullptr"; //whatever you want nullptr to show up as in the console
    }
    int main()
    {
        std::ostream os(NULL);
        os << std::nullptr_t();
        return 0;
    }
    
Performing C++ SOURCE FILE Test HAVE_UINT128_T failed with the following output:
Change Dir: /home/imario/Documentos/UFC/TCC/ns-3/cmake-cache/CMakeFiles/CMakeTmp

Run Build Command(s):/usr/bin/ninja cmTC_73c61 && [1/2] Building CXX object CMakeFiles/cmTC_73c61.dir/src.cxx.o
FAILED: CMakeFiles/cmTC_73c61.dir/src.cxx.o 
/usr/bin/c++ -DHAVE_UINT128_T  -fPIE -std=c++17 -o CMakeFiles/cmTC_73c61.dir/src.cxx.o -c /home/imario/Documentos/UFC/TCC/ns-3/cmake-cache/CMakeFiles/CMakeTmp/src.cxx
/home/imario/Documentos/UFC/TCC/ns-3/cmake-cache/CMakeFiles/CMakeTmp/src.cxx: In function ‘int main()’:
/home/imario/Documentos/UFC/TCC/ns-3/cmake-cache/CMakeFiles/CMakeTmp/src.cxx:4:18: error: ‘uint128_t’ was not declared in this scope; did you mean ‘uint8_t’?
    4 |             if ((uint128_t *) 0) return 0;
      |                  ^~~~~~~~~
      |                  uint8_t
/home/imario/Documentos/UFC/TCC/ns-3/cmake-cache/CMakeFiles/CMakeTmp/src.cxx:4:29: error: expected primary-expression before ‘)’ token
    4 |             if ((uint128_t *) 0) return 0;
      |                             ^
/home/imario/Documentos/UFC/TCC/ns-3/cmake-cache/CMakeFiles/CMakeTmp/src.cxx:4:30: error: expected ‘)’ before numeric constant
    4 |             if ((uint128_t *) 0) return 0;
      |                ~             ^~
      |                              )
/home/imario/Documentos/UFC/TCC/ns-3/cmake-cache/CMakeFiles/CMakeTmp/src.cxx:5:25: error: ‘uint128_t’ was not declared in this scope; did you mean ‘uint8_t’?
    5 |             if (sizeof (uint128_t)) return 0;
      |                         ^~~~~~~~~
      |                         uint8_t
ninja: build stopped: subcommand failed.


Source file was:
#include <stdint.h>
       int main()
         {
            if ((uint128_t *) 0) return 0;
            if (sizeof (uint128_t)) return 0;
            return 1;
         }
Determining if files boost/units/quantity.hpp;boost/units/systems/si.hpp exist failed with the following output:
Change Dir: /home/imario/Documentos/UFC/TCC/ns-3/cmake-cache/CMakeFiles/CMakeTmp

Run Build Command(s):/usr/bin/ninja cmTC_b930e && [1/2] Building CXX object CMakeFiles/cmTC_b930e.dir/HAVE_BOOST_UNITS.cpp.o
FAILED: CMakeFiles/cmTC_b930e.dir/HAVE_BOOST_UNITS.cpp.o 
/usr/bin/c++   -fPIE -std=c++17 -o CMakeFiles/cmTC_b930e.dir/HAVE_BOOST_UNITS.cpp.o -c /home/imario/Documentos/UFC/TCC/ns-3/cmake-cache/CMakeFiles/CheckIncludeFiles/HAVE_BOOST_UNITS.cpp
/home/imario/Documentos/UFC/TCC/ns-3/cmake-cache/CMakeFiles/CheckIncludeFiles/HAVE_BOOST_UNITS.cpp:2:10: fatal error: boost/units/quantity.hpp: Arquivo ou diretório inexistente
    2 | #include <boost/units/quantity.hpp>
      |          ^~~~~~~~~~~~~~~~~~~~~~~~~~
compilation terminated.
ninja: build stopped: subcommand failed.


Source:
/* */
#include <boost/units/quantity.hpp>
#include <boost/units/systems/si.hpp>


int main(void){return 0;}

Determining if the include file net/netmap_user.h exists failed with the following output:
Change Dir: /home/imario/Documentos/UFC/TCC/ns-3/cmake-cache/CMakeFiles/CMakeTmp

Run Build Command(s):/usr/bin/ninja cmTC_9340c && [1/2] Building C object CMakeFiles/cmTC_9340c.dir/CheckIncludeFile.c.o
FAILED: CMakeFiles/cmTC_9340c.dir/CheckIncludeFile.c.o 
/usr/bin/cc   -fPIE -o CMakeFiles/cmTC_9340c.dir/CheckIncludeFile.c.o -c /home/imario/Documentos/UFC/TCC/ns-3/cmake-cache/CMakeFiles/CMakeTmp/CheckIncludeFile.c
/home/imario/Documentos/UFC/TCC/ns-3/cmake-cache/CMakeFiles/CMakeTmp/CheckIncludeFile.c:1:10: fatal error: net/netmap_user.h: Arquivo ou diretório inexistente
    1 | #include <net/netmap_user.h>
      |          ^~~~~~~~~~~~~~~~~~~
compilation terminated.
ninja: build stopped: subcommand failed.



